Could not read data file
Social04: Exporting image
TextTop04: Exporting image
TextBottom04: Exporting image
BgBox04: Exporting image
Image04: Exporting image
Social03: Exporting image
TextTop03: Exporting image
TextBottom03: Exporting image
BgBox03: Exporting image
Image03: Exporting image
Social02: Exporting image
TextTop02: Exporting image
TextBottom02: Exporting image
BgBox02: Exporting image
Image02: Exporting image
Social01: Exporting image
TextTop01: Exporting image
TextBottom01: Exporting image
BgBox01: Exporting image
Image01: Exporting image
MenuBg: Exporting image
Logo: Exporting image
31 views changed
Success: /var/folders/1z/d5nm2d353k9bbqmpllw3ry240000gp/T/AFC5E6C1-F4EF-4585-81D4-7EFDD785749C-78623-000217F2CE117523/prototype
